(testPort:0|core    ): Proxy created with name=testPort and id=0
MAC
  |--MAC_Dest_Addr         
  |--MAC_Src_Addr          
IPv4
  |--IPv4_Version          
  |--IPv4_IHL              
  |--IPv4_Tos              
  |--IPv4_Total_Len        
  |--IPv4_Id               
  |--IPv4_Flags            
  |--IPv4_Frag_Offset      
  |--IPv4_TTL              
  |--IPv4_Protocol         
  |--IPv4_Hdr_Csum         
  |--IPv4_Src_Addr         
  |--IPv4_Dest_Addr        
  |--IPv4_Opts             
  |--IPv4_Pad              
83   FRAME_Len                32                       Integer                  128                      Fixed_Value              
84   PAYLOAD_Pattern          0                        Integer                  0                        Increment_Byte           
85   STREAM_Traffic_Type      32                       Integer                  11                       Fixed_Value              
86   STREAM_Traffic_Control   32                       Integer                  13                       Fixed_Value              
87   STREAM_Ipg               32                       Integer                  12                       Fixed_Value              
88   STREAM_Ifg               32                       Integer                  12                       Fixed_Value              
89   STREAM_Ibg               32                       Integer                  12                       Fixed_Value              
90   STREAM_Bandwidth         32                       Integer                  100                      Fixed_Value              
91   STREAM_Start_Delay       32                       Integer                  0                        Fixed_Value              

1    MAC_Dest_Addr            48                       Pattern_PRE                                       Random                   
2    MAC_Src_Addr             48                       Pattern_PRE              11:22:33:44:55:aa        Fixed_Pattern            
22   IPv4_Dest_Addr           32                       Pattern_MAC              127.0.0.1                Fixed_Pattern            

Array Data -------------------------------------
aa bb cc dd ee ff 11 22  33 44 55 66 45 00 00 00 
00 00 00 00 00 00 00 00  c0 a8 00 01 ff ff ff ff 
00 01 02 03 04 05 06 07  08 09 0a 0b 0c 0d 0e 0f 
10 11 12 13 14 15 16 17  18 19 1a 1b 1c 1d 1e 1f 
20 21 22 23 24 25 26 27  28 29 2a 2b 2c 2d 2e 2f 
30 31 32 33 34 35 36 37  38 39 3a 3b 3c 3d 3e 3f 
40 41 42 43 44 45 46 47  48 49 4a 4b 4c 4d 4e 4f 
50 51 52 53 54 55 56 57  58 59 5a 5b 5c 5d 5e 5f 
60 61 62 63 64 65 66 67  68 69 6a 6b 6c 6d 6e 6f 
70 71 72 73 74 75 76 77  78 79 7a 7b 7c 7d 7e 7f 

------------------------------------------------
